<?xml version="1.0" encoding="UTF-8"?>
<!-- Generated by org.testng.reporters.JUnitXMLReporter -->
<testsuite ignored="0" hostname="DESKTOP-0D82I2L" failures="0" tests="3" name="Test-1" time="115.08" errors="0" timestamp="2024-05-04T09:45:33 IST">
  <testcase classname="com.comcast.crm.orgtest.CreateOrgTestCase1And3" name="createOrgTestCase1And3" time="18.995"/>
  <testcase classname="com.comcast.crm.orgtest.CreateOrgTestCase1And3" name="createOrgWithIndusAndTypeTC2" time="22.564"/>
  <testcase classname="com.comcast.crm.orgtest.CreateOrgTestCase1And3" name="deleteOrgTest" time="23.1"/>
</testsuite> <!-- Test-1 -->
