<?xml version="1.0" encoding="UTF-8"?>
<!-- Generated by org.testng.reporters.JUnitReportReporter -->
<testsuite hostname="DESKTOP-0D82I2L" failures="0" tests="1" name="com.comcast.crm.orgtest.CreateOrgTestCase1And3" time="58.614" errors="0" timestamp="2024-05-12T09:54:43 IST" skipped="0">
  <testcase classname="com.comcast.crm.orgtest.CreateOrgTestCase1And3" name="createOrgTestCase1And3" time="58.614"/>
  <system-out/>
</testsuite> <!-- com.comcast.crm.orgtest.CreateOrgTestCase1And3 -->
