<?xml version="1.0" encoding="UTF-8"?>
<!-- Generated by org.testng.reporters.JUnitReportReporter -->
<testsuite hostname="DESKTOP-0D82I2L" failures="0" tests="1" name="com.comcast.crm.orgtest.DeleteOrgTest" time="38.444" errors="0" timestamp="2024-05-02T15:09:24 IST" skipped="0">
  <testcase classname="com.comcast.crm.orgtest.DeleteOrgTest" name="deleteOrgTest" time="38.444"/>
  <system-out/>
</testsuite> <!-- com.comcast.crm.orgtest.DeleteOrgTest -->
