<?xml version="1.0" encoding="UTF-8"?>
<!-- Generated by org.testng.reporters.JUnitReportReporter -->
<testsuite hostname="DESKTOP-0D82I2L" failures="0" tests="1" name="SampleReportTest" time="95.762" errors="0" timestamp="2024-05-09T13:36:37 IST" skipped="0">
  <testcase classname="SampleReportTest" name="createContactTest" time="95.762"/>
  <system-out/>
</testsuite> <!-- SampleReportTest -->
