<?xml version="1.0" encoding="UTF-8"?>
<!-- Generated by org.testng.reporters.JUnitReportReporter -->
<testsuite hostname="DESKTOP-0D82I2L" failures="0" tests="1" name="com.comcast.crm.objectrepositoryutility.AutohealingExample" time="13.363" errors="0" timestamp="2024-04-26T16:56:28 IST" skipped="0">
  <testcase classname="com.comcast.crm.objectrepositoryutility.AutohealingExample" name="sampleTest" time="13.363"/>
  <system-out/>
</testsuite> <!-- com.comcast.crm.objectrepositoryutility.AutohealingExample -->
