<?xml version="1.0" encoding="UTF-8"?>
<!-- Generated by org.testng.reporters.JUnitReportReporter -->
<testsuite hostname="DESKTOP-0D82I2L" failures="0" tests="1" name="com.comcast.crm.contacttest.CreateContactWithOrg" time="37.655" errors="0" timestamp="2024-05-02T14:59:48 IST" skipped="0">
  <testcase classname="com.comcast.crm.contacttest.CreateContactWithOrg" name="createContactWithOrg" time="37.655"/>
  <system-out/>
</testsuite> <!-- com.comcast.crm.contacttest.CreateContactWithOrg -->
