<?xml version="1.0" encoding="UTF-8"?>
<!-- Generated by org.testng.reporters.JUnitReportReporter -->
<testsuite hostname="DESKTOP-0D82I2L" failures="0" tests="3" name="dataproviderExample.DataProviderFromExcel" time="141.825" errors="0" timestamp="2024-05-01T11:37:32 IST" skipped="0">
  <testcase classname="dataproviderExample.DataProviderFromExcel" name="getProductInfoTest" time="48.250"/>
  <system-out/>
  <testcase classname="dataproviderExample.DataProviderFromExcel" name="getProductInfoTest" time="46.915"/>
  <system-out/>
  <testcase classname="dataproviderExample.DataProviderFromExcel" name="getProductInfoTest" time="46.660"/>
  <system-out/>
</testsuite> <!-- dataproviderExample.DataProviderFromExcel -->
